<?xml version="1.0" encoding="UTF-8"?>
<!-- Generated by org.testng.reporters.JUnitReportReporter -->
<testsuite hostname="DESKTOP-6HS7B1V" failures="0" tests="4" name="practice_page.Test_Cases_Set_Two" time="3.954" errors="0" timestamp="2024-04-29T15:12:31 CEST" skipped="1">
  <testcase classname="practice_page.Test_Cases_Set_Two" name="case2" time="1.630"/>
  <testcase classname="practice_page.Test_Cases_Set_Two" name="case4" time="0.009"/>
  <testcase classname="practice_page.Test_Cases_Set_Two" name="case1" time="2.315"/>
  <testcase classname="practice_page.Test_Cases_Set_Two" name="case3">
    <skipped/>
  </testcase> <!-- case3 -->
</testsuite> <!-- practice_page.Test_Cases_Set_Two -->
