<?xml version="1.0" encoding="UTF-8"?>
<!-- Generated by org.testng.reporters.JUnitReportReporter -->
<testsuite hostname="DESKTOP-6HS7B1V" failures="0" tests="4" name="practice_page.Test_Cases_Set_Two" time="8.572" errors="0" timestamp="2024-05-01T09:13:57 CEST" skipped="1">
  <testcase classname="practice_page.Test_Cases_Set_Two" name="case1" time="7.041"/>
  <testcase classname="practice_page.Test_Cases_Set_Two" name="case2" time="1.524"/>
  <testcase classname="practice_page.Test_Cases_Set_Two" name="case4" time="0.007"/>
  <testcase classname="practice_page.Test_Cases_Set_Two" name="case3">
    <skipped/>
  </testcase> <!-- case3 -->
</testsuite> <!-- practice_page.Test_Cases_Set_Two -->
