<?xml version="1.0" encoding="UTF-8"?>
<!-- Generated by org.testng.reporters.JUnitReportReporter -->
<testsuite hostname="DESKTOP-6HS7B1V" failures="0" tests="2" name="practice_page.Test_Cases_Set_One" time="6.453" errors="0" timestamp="2024-05-01T09:13:56 CEST" skipped="0">
  <testcase classname="practice_page.Test_Cases_Set_One" name="case1" time="4.679"/>
  <testcase classname="practice_page.Test_Cases_Set_One" name="case2" time="1.774"/>
</testsuite> <!-- practice_page.Test_Cases_Set_One -->
